<?xml version="1.0" encoding="utf-8"?><testsuites><testsuite name="pytest" errors="0" failures="0" skipped="0" tests="5" time="0.121" timestamp="2024-05-04T07:58:37.142685" hostname="Dell-Leo"><testcase classname="tests.test_bytebank.TestClass" name="test_quando_idade_recebe_13_03_2000_deve_retornar_24" time="0.004" /><testcase classname="tests.test_bytebank.TestClass" name="test_quando_sobrenome_recebe_Leonardo_Coelho_deve_retornar_Coelho" time="0.001" /><testcase classname="tests.test_bytebank.TestClass" name="test_quando_decrescimo_salario_recebe_100000_deve_retornar_90000" time="0.001" /><testcase classname="tests.test_bytebank.TestClass" name="test_quando_calcular_bonus_recebe_1000_deve_retornar_100" time="0.001" /><testcase classname="tests.test_bytebank.TestClass" name="test_quando_calcular_bonus_recebe_1_000_000_000_deve_retornar_exception" time="0.001" /></testsuite></testsuites>